<?xml version="1.0" encoding="UTF-8"?>
<testsuite xmlns:xsi="http://www.w3.org/2001/XMLSchema-instance" xsi:noNamespaceSchemaLocation="https://maven.apache.org/surefire/maven-surefire-plugin/xsd/surefire-test-report.xsd" name="com.example.springboot.SpringbootApplicationTests" time="3.696" tests="1" errors="0" skipped="0" failures="0">
  <properties>
    <property name="java.specification.version" value="17"/>
    <property name="sun.cpu.isalist" value="amd64"/>
    <property name="sun.jnu.encoding" value="GBK"/>
    <property name="java.class.path" value="D:\Program\Projects\WebCourseDesign\DormitoryManagementSystem-main\Dormitory_backend\target\test-classes;D:\Program\Projects\WebCourseDesign\DormitoryManagementSystem-main\Dormitory_backend\target\classes;D:\javaweb\maven\mvn-repo\org\springframework\boot\spring-boot-starter-web\2.6.3\spring-boot-starter-web-2.6.3.jar;D:\javaweb\maven\mvn-repo\org\springframework\boot\spring-boot-starter\2.6.3\spring-boot-starter-2.6.3.jar;D:\javaweb\maven\mvn-repo\org\springframework\boot\spring-boot-starter-logging\2.6.3\spring-boot-starter-logging-2.6.3.jar;D:\javaweb\maven\mvn-repo\ch\qos\logback\logback-classic\1.2.10\logback-classic-1.2.10.jar;D:\javaweb\maven\mvn-repo\ch\qos\logback\logback-core\1.2.10\logback-core-1.2.10.jar;D:\javaweb\maven\mvn-repo\org\apache\logging\log4j\log4j-to-slf4j\2.17.1\log4j-to-slf4j-2.17.1.jar;D:\javaweb\maven\mvn-repo\org\apache\logging\log4j\log4j-api\2.17.1\log4j-api-2.17.1.jar;D:\javaweb\maven\mvn-repo\org\slf4j\jul-to-slf4j\1.7.33\jul-to-slf4j-1.7.33.jar;D:\javaweb\maven\mvn-repo\jakarta\annotation\jakarta.annotation-api\1.3.5\jakarta.annotation-api-1.3.5.jar;D:\javaweb\maven\mvn-repo\org\yaml\snakeyaml\1.29\snakeyaml-1.29.jar;D:\javaweb\maven\mvn-repo\org\springframework\boot\spring-boot-starter-json\2.6.3\spring-boot-starter-json-2.6.3.jar;D:\javaweb\maven\mvn-repo\com\fasterxml\jackson\core\jackson-databind\2.13.1\jackson-databind-2.13.1.jar;D:\javaweb\maven\mvn-repo\com\fasterxml\jackson\core\jackson-annotations\2.13.1\jackson-annotations-2.13.1.jar;D:\javaweb\maven\mvn-repo\com\fasterxml\jackson\core\jackson-core\2.13.1\jackson-core-2.13.1.jar;D:\javaweb\maven\mvn-repo\com\fasterxml\jackson\datatype\jackson-datatype-jdk8\2.13.1\jackson-datatype-jdk8-2.13.1.jar;D:\javaweb\maven\mvn-repo\com\fasterxml\jackson\datatype\jackson-datatype-jsr310\2.13.1\jackson-datatype-jsr310-2.13.1.jar;D:\javaweb\maven\mvn-repo\com\fasterxml\jackson\module\jackson-module-parameter-names\2.13.1\jackson-module-parameter-names-2.13.1.jar;D:\javaweb\maven\mvn-repo\org\springframework\boot\spring-boot-starter-tomcat\2.6.3\spring-boot-starter-tomcat-2.6.3.jar;D:\javaweb\maven\mvn-repo\org\apache\tomcat\embed\tomcat-embed-core\9.0.56\tomcat-embed-core-9.0.56.jar;D:\javaweb\maven\mvn-repo\org\apache\tomcat\embed\tomcat-embed-el\9.0.56\tomcat-embed-el-9.0.56.jar;D:\javaweb\maven\mvn-repo\org\apache\tomcat\embed\tomcat-embed-websocket\9.0.56\tomcat-embed-websocket-9.0.56.jar;D:\javaweb\maven\mvn-repo\org\springframework\spring-web\5.3.15\spring-web-5.3.15.jar;D:\javaweb\maven\mvn-repo\org\springframework\spring-beans\5.3.15\spring-beans-5.3.15.jar;D:\javaweb\maven\mvn-repo\org\springframework\spring-webmvc\5.3.15\spring-webmvc-5.3.15.jar;D:\javaweb\maven\mvn-repo\org\springframework\spring-aop\5.3.15\spring-aop-5.3.15.jar;D:\javaweb\maven\mvn-repo\org\springframework\spring-context\5.3.15\spring-context-5.3.15.jar;D:\javaweb\maven\mvn-repo\org\springframework\spring-expression\5.3.15\spring-expression-5.3.15.jar;D:\javaweb\maven\mvn-repo\org\mybatis\spring\boot\mybatis-spring-boot-starter\2.2.2\mybatis-spring-boot-starter-2.2.2.jar;D:\javaweb\maven\mvn-repo\org\springframework\boot\spring-boot-starter-jdbc\2.6.3\spring-boot-starter-jdbc-2.6.3.jar;D:\javaweb\maven\mvn-repo\com\zaxxer\HikariCP\4.0.3\HikariCP-4.0.3.jar;D:\javaweb\maven\mvn-repo\org\springframework\spring-jdbc\5.3.15\spring-jdbc-5.3.15.jar;D:\javaweb\maven\mvn-repo\org\springframework\spring-tx\5.3.15\spring-tx-5.3.15.jar;D:\javaweb\maven\mvn-repo\org\mybatis\spring\boot\mybatis-spring-boot-autoconfigure\2.2.2\mybatis-spring-boot-autoconfigure-2.2.2.jar;D:\javaweb\maven\mvn-repo\org\mybatis\mybatis\3.5.9\mybatis-3.5.9.jar;D:\javaweb\maven\mvn-repo\org\mybatis\mybatis-spring\2.0.7\mybatis-spring-2.0.7.jar;D:\javaweb\maven\mvn-repo\org\springframework\boot\spring-boot-devtools\2.6.3\spring-boot-devtools-2.6.3.jar;D:\javaweb\maven\mvn-repo\org\springframework\boot\spring-boot\2.6.3\spring-boot-2.6.3.jar;D:\javaweb\maven\mvn-repo\org\springframework\boot\spring-boot-autoconfigure\2.6.3\spring-boot-autoconfigure-2.6.3.jar;D:\javaweb\maven\mvn-repo\mysql\mysql-connector-java\8.0.28\mysql-connector-java-8.0.28.jar;D:\javaweb\maven\mvn-repo\org\projectlombok\lombok\1.18.22\lombok-1.18.22.jar;D:\javaweb\maven\mvn-repo\org\springframework\boot\spring-boot-starter-test\2.6.3\spring-boot-starter-test-2.6.3.jar;D:\javaweb\maven\mvn-repo\org\springframework\boot\spring-boot-test\2.6.3\spring-boot-test-2.6.3.jar;D:\javaweb\maven\mvn-repo\org\springframework\boot\spring-boot-test-autoconfigure\2.6.3\spring-boot-test-autoconfigure-2.6.3.jar;D:\javaweb\maven\mvn-repo\com\jayway\jsonpath\json-path\2.6.0\json-path-2.6.0.jar;D:\javaweb\maven\mvn-repo\net\minidev\json-smart\2.4.7\json-smart-2.4.7.jar;D:\javaweb\maven\mvn-repo\net\minidev\accessors-smart\2.4.7\accessors-smart-2.4.7.jar;D:\javaweb\maven\mvn-repo\org\ow2\asm\asm\9.1\asm-9.1.jar;D:\javaweb\maven\mvn-repo\org\slf4j\slf4j-api\1.7.33\slf4j-api-1.7.33.jar;D:\javaweb\maven\mvn-repo\jakarta\xml\bind\jakarta.xml.bind-api\2.3.3\jakarta.xml.bind-api-2.3.3.jar;D:\javaweb\maven\mvn-repo\jakarta\activation\jakarta.activation-api\1.2.2\jakarta.activation-api-1.2.2.jar;D:\javaweb\maven\mvn-repo\org\assertj\assertj-core\3.21.0\assertj-core-3.21.0.jar;D:\javaweb\maven\mvn-repo\org\hamcrest\hamcrest\2.2\hamcrest-2.2.jar;D:\javaweb\maven\mvn-repo\org\junit\jupiter\junit-jupiter\5.8.2\junit-jupiter-5.8.2.jar;D:\javaweb\maven\mvn-repo\org\junit\jupiter\junit-jupiter-api\5.8.2\junit-jupiter-api-5.8.2.jar;D:\javaweb\maven\mvn-repo\org\opentest4j\opentest4j\1.2.0\opentest4j-1.2.0.jar;D:\javaweb\maven\mvn-repo\org\junit\platform\junit-platform-commons\1.8.2\junit-platform-commons-1.8.2.jar;D:\javaweb\maven\mvn-repo\org\apiguardian\apiguardian-api\1.1.2\apiguardian-api-1.1.2.jar;D:\javaweb\maven\mvn-repo\org\junit\jupiter\junit-jupiter-params\5.8.2\junit-jupiter-params-5.8.2.jar;D:\javaweb\maven\mvn-repo\org\junit\jupiter\junit-jupiter-engine\5.8.2\junit-jupiter-engine-5.8.2.jar;D:\javaweb\maven\mvn-repo\org\junit\platform\junit-platform-engine\1.8.2\junit-platform-engine-1.8.2.jar;D:\javaweb\maven\mvn-repo\org\mockito\mockito-core\4.0.0\mockito-core-4.0.0.jar;D:\javaweb\maven\mvn-repo\net\bytebuddy\byte-buddy\1.11.22\byte-buddy-1.11.22.jar;D:\javaweb\maven\mvn-repo\net\bytebuddy\byte-buddy-agent\1.11.22\byte-buddy-agent-1.11.22.jar;D:\javaweb\maven\mvn-repo\org\objenesis\objenesis\3.2\objenesis-3.2.jar;D:\javaweb\maven\mvn-repo\org\mockito\mockito-junit-jupiter\4.0.0\mockito-junit-jupiter-4.0.0.jar;D:\javaweb\maven\mvn-repo\org\skyscreamer\jsonassert\1.5.0\jsonassert-1.5.0.jar;D:\javaweb\maven\mvn-repo\com\vaadin\external\google\android-json\0.0.20131108.vaadin1\android-json-0.0.20131108.vaadin1.jar;D:\javaweb\maven\mvn-repo\org\springframework\spring-core\5.3.15\spring-core-5.3.15.jar;D:\javaweb\maven\mvn-repo\org\springframework\spring-jcl\5.3.15\spring-jcl-5.3.15.jar;D:\javaweb\maven\mvn-repo\org\springframework\spring-test\5.3.15\spring-test-5.3.15.jar;D:\javaweb\maven\mvn-repo\org\xmlunit\xmlunit-core\2.8.4\xmlunit-core-2.8.4.jar;D:\javaweb\maven\mvn-repo\com\baomidou\mybatis-plus-boot-starter\3.5.1\mybatis-plus-boot-starter-3.5.1.jar;D:\javaweb\maven\mvn-repo\com\baomidou\mybatis-plus\3.5.1\mybatis-plus-3.5.1.jar;D:\javaweb\maven\mvn-repo\com\baomidou\mybatis-plus-extension\3.5.1\mybatis-plus-extension-3.5.1.jar;D:\javaweb\maven\mvn-repo\com\baomidou\mybatis-plus-core\3.5.1\mybatis-plus-core-3.5.1.jar;D:\javaweb\maven\mvn-repo\com\baomidou\mybatis-plus-annotation\3.5.1\mybatis-plus-annotation-3.5.1.jar;D:\javaweb\maven\mvn-repo\com\github\jsqlparser\jsqlparser\4.3\jsqlparser-4.3.jar;D:\javaweb\maven\mvn-repo\commons-beanutils\commons-beanutils\1.9.3\commons-beanutils-1.9.3.jar;D:\javaweb\maven\mvn-repo\commons-collections\commons-collections\3.2.1\commons-collections-3.2.1.jar;D:\javaweb\maven\mvn-repo\commons-lang\commons-lang\2.6\commons-lang-2.6.jar;D:\javaweb\maven\mvn-repo\commons-logging\commons-logging\1.1.1\commons-logging-1.1.1.jar;D:\javaweb\maven\mvn-repo\net\sf\ezmorph\ezmorph\1.0.6\ezmorph-1.0.6.jar;D:\javaweb\maven\mvn-repo\net\sf\json-lib\json-lib\2.2.3\json-lib-2.2.3-jdk15.jar;D:\javaweb\maven\mvn-repo\com\alibaba\fastjson\1.2.28\fastjson-1.2.28.jar;D:\javaweb\maven\mvn-repo\cn\hutool\hutool-all\5.7.3\hutool-all-5.7.3.jar;"/>
    <property name="java.vm.vendor" value="Oracle Corporation"/>
    <property name="sun.arch.data.model" value="64"/>
    <property name="user.variant" value=""/>
    <property name="java.vendor.url" value="https://java.oracle.com/"/>
    <property name="user.timezone" value="Asia/Shanghai"/>
    <property name="os.name" value="Windows 11"/>
    <property name="java.vm.specification.version" value="17"/>
    <property name="sun.java.launcher" value="SUN_STANDARD"/>
    <property name="user.country" value="CN"/>
    <property name="sun.boot.library.path" value="D:\Java\jdk17\bin"/>
    <property name="sun.java.command" value="C:\Users\赵中培\AppData\Local\Temp\surefire1627882702537262422\surefirebooter11647797954786627959.jar C:\Users\赵中培\AppData\Local\Temp\surefire1627882702537262422 2024-08-01T16-44-31_645-jvmRun1 surefire11511016368266216028tmp surefire_03318273970135436722tmp"/>
    <property name="jdk.debug" value="release"/>
    <property name="surefire.test.class.path" value="D:\Program\Projects\WebCourseDesign\DormitoryManagementSystem-main\Dormitory_backend\target\test-classes;D:\Program\Projects\WebCourseDesign\DormitoryManagementSystem-main\Dormitory_backend\target\classes;D:\javaweb\maven\mvn-repo\org\springframework\boot\spring-boot-starter-web\2.6.3\spring-boot-starter-web-2.6.3.jar;D:\javaweb\maven\mvn-repo\org\springframework\boot\spring-boot-starter\2.6.3\spring-boot-starter-2.6.3.jar;D:\javaweb\maven\mvn-repo\org\springframework\boot\spring-boot-starter-logging\2.6.3\spring-boot-starter-logging-2.6.3.jar;D:\javaweb\maven\mvn-repo\ch\qos\logback\logback-classic\1.2.10\logback-classic-1.2.10.jar;D:\javaweb\maven\mvn-repo\ch\qos\logback\logback-core\1.2.10\logback-core-1.2.10.jar;D:\javaweb\maven\mvn-repo\org\apache\logging\log4j\log4j-to-slf4j\2.17.1\log4j-to-slf4j-2.17.1.jar;D:\javaweb\maven\mvn-repo\org\apache\logging\log4j\log4j-api\2.17.1\log4j-api-2.17.1.jar;D:\javaweb\maven\mvn-repo\org\slf4j\jul-to-slf4j\1.7.33\jul-to-slf4j-1.7.33.jar;D:\javaweb\maven\mvn-repo\jakarta\annotation\jakarta.annotation-api\1.3.5\jakarta.annotation-api-1.3.5.jar;D:\javaweb\maven\mvn-repo\org\yaml\snakeyaml\1.29\snakeyaml-1.29.jar;D:\javaweb\maven\mvn-repo\org\springframework\boot\spring-boot-starter-json\2.6.3\spring-boot-starter-json-2.6.3.jar;D:\javaweb\maven\mvn-repo\com\fasterxml\jackson\core\jackson-databind\2.13.1\jackson-databind-2.13.1.jar;D:\javaweb\maven\mvn-repo\com\fasterxml\jackson\core\jackson-annotations\2.13.1\jackson-annotations-2.13.1.jar;D:\javaweb\maven\mvn-repo\com\fasterxml\jackson\core\jackson-core\2.13.1\jackson-core-2.13.1.jar;D:\javaweb\maven\mvn-repo\com\fasterxml\jackson\datatype\jackson-datatype-jdk8\2.13.1\jackson-datatype-jdk8-2.13.1.jar;D:\javaweb\maven\mvn-repo\com\fasterxml\jackson\datatype\jackson-datatype-jsr310\2.13.1\jackson-datatype-jsr310-2.13.1.jar;D:\javaweb\maven\mvn-repo\com\fasterxml\jackson\module\jackson-module-parameter-names\2.13.1\jackson-module-parameter-names-2.13.1.jar;D:\javaweb\maven\mvn-repo\org\springframework\boot\spring-boot-starter-tomcat\2.6.3\spring-boot-starter-tomcat-2.6.3.jar;D:\javaweb\maven\mvn-repo\org\apache\tomcat\embed\tomcat-embed-core\9.0.56\tomcat-embed-core-9.0.56.jar;D:\javaweb\maven\mvn-repo\org\apache\tomcat\embed\tomcat-embed-el\9.0.56\tomcat-embed-el-9.0.56.jar;D:\javaweb\maven\mvn-repo\org\apache\tomcat\embed\tomcat-embed-websocket\9.0.56\tomcat-embed-websocket-9.0.56.jar;D:\javaweb\maven\mvn-repo\org\springframework\spring-web\5.3.15\spring-web-5.3.15.jar;D:\javaweb\maven\mvn-repo\org\springframework\spring-beans\5.3.15\spring-beans-5.3.15.jar;D:\javaweb\maven\mvn-repo\org\springframework\spring-webmvc\5.3.15\spring-webmvc-5.3.15.jar;D:\javaweb\maven\mvn-repo\org\springframework\spring-aop\5.3.15\spring-aop-5.3.15.jar;D:\javaweb\maven\mvn-repo\org\springframework\spring-context\5.3.15\spring-context-5.3.15.jar;D:\javaweb\maven\mvn-repo\org\springframework\spring-expression\5.3.15\spring-expression-5.3.15.jar;D:\javaweb\maven\mvn-repo\org\mybatis\spring\boot\mybatis-spring-boot-starter\2.2.2\mybatis-spring-boot-starter-2.2.2.jar;D:\javaweb\maven\mvn-repo\org\springframework\boot\spring-boot-starter-jdbc\2.6.3\spring-boot-starter-jdbc-2.6.3.jar;D:\javaweb\maven\mvn-repo\com\zaxxer\HikariCP\4.0.3\HikariCP-4.0.3.jar;D:\javaweb\maven\mvn-repo\org\springframework\spring-jdbc\5.3.15\spring-jdbc-5.3.15.jar;D:\javaweb\maven\mvn-repo\org\springframework\spring-tx\5.3.15\spring-tx-5.3.15.jar;D:\javaweb\maven\mvn-repo\org\mybatis\spring\boot\mybatis-spring-boot-autoconfigure\2.2.2\mybatis-spring-boot-autoconfigure-2.2.2.jar;D:\javaweb\maven\mvn-repo\org\mybatis\mybatis\3.5.9\mybatis-3.5.9.jar;D:\javaweb\maven\mvn-repo\org\mybatis\mybatis-spring\2.0.7\mybatis-spring-2.0.7.jar;D:\javaweb\maven\mvn-repo\org\springframework\boot\spring-boot-devtools\2.6.3\spring-boot-devtools-2.6.3.jar;D:\javaweb\maven\mvn-repo\org\springframework\boot\spring-boot\2.6.3\spring-boot-2.6.3.jar;D:\javaweb\maven\mvn-repo\org\springframework\boot\spring-boot-autoconfigure\2.6.3\spring-boot-autoconfigure-2.6.3.jar;D:\javaweb\maven\mvn-repo\mysql\mysql-connector-java\8.0.28\mysql-connector-java-8.0.28.jar;D:\javaweb\maven\mvn-repo\org\projectlombok\lombok\1.18.22\lombok-1.18.22.jar;D:\javaweb\maven\mvn-repo\org\springframework\boot\spring-boot-starter-test\2.6.3\spring-boot-starter-test-2.6.3.jar;D:\javaweb\maven\mvn-repo\org\springframework\boot\spring-boot-test\2.6.3\spring-boot-test-2.6.3.jar;D:\javaweb\maven\mvn-repo\org\springframework\boot\spring-boot-test-autoconfigure\2.6.3\spring-boot-test-autoconfigure-2.6.3.jar;D:\javaweb\maven\mvn-repo\com\jayway\jsonpath\json-path\2.6.0\json-path-2.6.0.jar;D:\javaweb\maven\mvn-repo\net\minidev\json-smart\2.4.7\json-smart-2.4.7.jar;D:\javaweb\maven\mvn-repo\net\minidev\accessors-smart\2.4.7\accessors-smart-2.4.7.jar;D:\javaweb\maven\mvn-repo\org\ow2\asm\asm\9.1\asm-9.1.jar;D:\javaweb\maven\mvn-repo\org\slf4j\slf4j-api\1.7.33\slf4j-api-1.7.33.jar;D:\javaweb\maven\mvn-repo\jakarta\xml\bind\jakarta.xml.bind-api\2.3.3\jakarta.xml.bind-api-2.3.3.jar;D:\javaweb\maven\mvn-repo\jakarta\activation\jakarta.activation-api\1.2.2\jakarta.activation-api-1.2.2.jar;D:\javaweb\maven\mvn-repo\org\assertj\assertj-core\3.21.0\assertj-core-3.21.0.jar;D:\javaweb\maven\mvn-repo\org\hamcrest\hamcrest\2.2\hamcrest-2.2.jar;D:\javaweb\maven\mvn-repo\org\junit\jupiter\junit-jupiter\5.8.2\junit-jupiter-5.8.2.jar;D:\javaweb\maven\mvn-repo\org\junit\jupiter\junit-jupiter-api\5.8.2\junit-jupiter-api-5.8.2.jar;D:\javaweb\maven\mvn-repo\org\opentest4j\opentest4j\1.2.0\opentest4j-1.2.0.jar;D:\javaweb\maven\mvn-repo\org\junit\platform\junit-platform-commons\1.8.2\junit-platform-commons-1.8.2.jar;D:\javaweb\maven\mvn-repo\org\apiguardian\apiguardian-api\1.1.2\apiguardian-api-1.1.2.jar;D:\javaweb\maven\mvn-repo\org\junit\jupiter\junit-jupiter-params\5.8.2\junit-jupiter-params-5.8.2.jar;D:\javaweb\maven\mvn-repo\org\junit\jupiter\junit-jupiter-engine\5.8.2\junit-jupiter-engine-5.8.2.jar;D:\javaweb\maven\mvn-repo\org\junit\platform\junit-platform-engine\1.8.2\junit-platform-engine-1.8.2.jar;D:\javaweb\maven\mvn-repo\org\mockito\mockito-core\4.0.0\mockito-core-4.0.0.jar;D:\javaweb\maven\mvn-repo\net\bytebuddy\byte-buddy\1.11.22\byte-buddy-1.11.22.jar;D:\javaweb\maven\mvn-repo\net\bytebuddy\byte-buddy-agent\1.11.22\byte-buddy-agent-1.11.22.jar;D:\javaweb\maven\mvn-repo\org\objenesis\objenesis\3.2\objenesis-3.2.jar;D:\javaweb\maven\mvn-repo\org\mockito\mockito-junit-jupiter\4.0.0\mockito-junit-jupiter-4.0.0.jar;D:\javaweb\maven\mvn-repo\org\skyscreamer\jsonassert\1.5.0\jsonassert-1.5.0.jar;D:\javaweb\maven\mvn-repo\com\vaadin\external\google\android-json\0.0.20131108.vaadin1\android-json-0.0.20131108.vaadin1.jar;D:\javaweb\maven\mvn-repo\org\springframework\spring-core\5.3.15\spring-core-5.3.15.jar;D:\javaweb\maven\mvn-repo\org\springframework\spring-jcl\5.3.15\spring-jcl-5.3.15.jar;D:\javaweb\maven\mvn-repo\org\springframework\spring-test\5.3.15\spring-test-5.3.15.jar;D:\javaweb\maven\mvn-repo\org\xmlunit\xmlunit-core\2.8.4\xmlunit-core-2.8.4.jar;D:\javaweb\maven\mvn-repo\com\baomidou\mybatis-plus-boot-starter\3.5.1\mybatis-plus-boot-starter-3.5.1.jar;D:\javaweb\maven\mvn-repo\com\baomidou\mybatis-plus\3.5.1\mybatis-plus-3.5.1.jar;D:\javaweb\maven\mvn-repo\com\baomidou\mybatis-plus-extension\3.5.1\mybatis-plus-extension-3.5.1.jar;D:\javaweb\maven\mvn-repo\com\baomidou\mybatis-plus-core\3.5.1\mybatis-plus-core-3.5.1.jar;D:\javaweb\maven\mvn-repo\com\baomidou\mybatis-plus-annotation\3.5.1\mybatis-plus-annotation-3.5.1.jar;D:\javaweb\maven\mvn-repo\com\github\jsqlparser\jsqlparser\4.3\jsqlparser-4.3.jar;D:\javaweb\maven\mvn-repo\commons-beanutils\commons-beanutils\1.9.3\commons-beanutils-1.9.3.jar;D:\javaweb\maven\mvn-repo\commons-collections\commons-collections\3.2.1\commons-collections-3.2.1.jar;D:\javaweb\maven\mvn-repo\commons-lang\commons-lang\2.6\commons-lang-2.6.jar;D:\javaweb\maven\mvn-repo\commons-logging\commons-logging\1.1.1\commons-logging-1.1.1.jar;D:\javaweb\maven\mvn-repo\net\sf\ezmorph\ezmorph\1.0.6\ezmorph-1.0.6.jar;D:\javaweb\maven\mvn-repo\net\sf\json-lib\json-lib\2.2.3\json-lib-2.2.3-jdk15.jar;D:\javaweb\maven\mvn-repo\com\alibaba\fastjson\1.2.28\fastjson-1.2.28.jar;D:\javaweb\maven\mvn-repo\cn\hutool\hutool-all\5.7.3\hutool-all-5.7.3.jar;"/>
    <property name="sun.cpu.endian" value="little"/>
    <property name="user.home" value="C:\Users\赵中培"/>
    <property name="user.language" value="zh"/>
    <property name="java.specification.vendor" value="Oracle Corporation"/>
    <property name="java.version.date" value="2023-07-18"/>
    <property name="java.home" value="D:\Java\jdk17"/>
    <property name="file.separator" value="\"/>
    <property name="basedir" value="D:\Program\Projects\WebCourseDesign\DormitoryManagementSystem-main\Dormitory_backend"/>
    <property name="java.vm.compressedOopsMode" value="Zero based"/>
    <property name="line.separator" value="&#10;"/>
    <property name="java.vm.specification.vendor" value="Oracle Corporation"/>
    <property name="java.specification.name" value="Java Platform API Specification"/>
    <property name="surefire.real.class.path" value="C:\Users\赵中培\AppData\Local\Temp\surefire1627882702537262422\surefirebooter11647797954786627959.jar"/>
    <property name="user.script" value=""/>
    <property name="sun.management.compiler" value="HotSpot 64-Bit Tiered Compilers"/>
    <property name="java.runtime.version" value="17.0.8+9-LTS-211"/>
    <property name="user.name" value="赵中培"/>
    <property name="path.separator" value=";"/>
    <property name="os.version" value="10.0"/>
    <property name="java.runtime.name" value="Java(TM) SE Runtime Environment"/>
    <property name="file.encoding" value="GBK"/>
    <property name="java.vm.name" value="Java HotSpot(TM) 64-Bit Server VM"/>
    <property name="localRepository" value="D:\javaweb\maven\mvn-repo"/>
    <property name="java.vendor.url.bug" value="https://bugreport.java.com/bugreport/"/>
    <property name="java.io.tmpdir" value="C:\Users\赵中培\AppData\Local\Temp\"/>
    <property name="idea.version" value="2023.2.2"/>
    <property name="java.version" value="17.0.8"/>
    <property name="user.dir" value="D:\Program\Projects\WebCourseDesign\DormitoryManagementSystem-main\Dormitory_backend"/>
    <property name="os.arch" value="amd64"/>
    <property name="java.vm.specification.name" value="Java Virtual Machine Specification"/>
    <property name="sun.os.patch.level" value=""/>
    <property name="native.encoding" value="GBK"/>
    <property name="java.library.path" value="D:\Java\jdk17\bin;C:\WINDOWS\Sun\Java\bin;C:\WINDOWS\system32;C:\WINDOWS;D:\VMware\bin\;C:\Program Files\PlasticSCM5\server;C:\Program Files\PlasticSCM5\client;C:\Program Files\Common Files\Oracle\Java\javapath;C:\Program Files (x86)\Common Files\Oracle\Java\javapath;C:\WINDOWS\system32;C:\WINDOWS;C:\WINDOWS\System32\Wbem;C:\WINDOWS\System32\WindowsPowerShell\v1.0\;C:\WINDOWS\System32\OpenSSH\;D:\Java\jdk17\bin;D:\Java\jdk17\jre\bin;D:\Java\bin;D:\jdk;C:\Program Files\MySQL\MySQL Server 8.0\bin;D:\matlab\software\runtime\win64;D:\matlab\software\bin;D:\matlab\software\polyspace\bin;D:\javaweb\nodejs\;D:\javaweb\maven\apache-maven-3.6.3\bin;D:\mysql\mysql-8.0.31-winx64\bin;D:\Program\Git\cmd;D:\WeChatDevelopTool\微信web开发者工具\dll;C:\Program Files (x86)\Microsoft SQL Server\160\DTS\Binn\;C:\Program Files (x86)\Microsoft SQL Server\160\Tools\Binn\;C:\Program Files\Microsoft SQL Server\160\Tools\Binn\;C:\Program Files\Microsoft SQL Server\Client SDK\ODBC\170\Tools\Binn\;C:\Program Files\Microsoft SQL Server\160\DTS\Binn\;D:\软件\;C:\Program Files\MySQL\MySQL Shell 8.0\bin\;C:\Users\赵中培\AppData\Local\Microsoft\WindowsApps;C:\Users\赵中培\Microsoft VS Code\bin;D:\Java\bin;D:\Java\jdk;D:\Java\jdk\bin;D:\LenovoSoftstore\Install\QQliuxidating\QQGameTempest\Hall.57938\;C:\Users\赵中培\AppData\Roaming\npm;D:\Java\jdk17\bin;D:\Java\jdk17\jre\bin;D:\Java\IDEA\IntelliJ IDEA 2023.2.2\bin;D:\mysql\mysql-8.0.31-winx64\bin;C:\Users\赵中培\Desktop\Dev-Cpp\TDM-GCC-64\bin;C:\Users\赵中培\AppData\Local\JetBrains\Toolbox\scripts;D:\Program Files\nvim-win64\bin;;."/>
    <property name="java.vm.info" value="mixed mode, sharing"/>
    <property name="java.vendor" value="Oracle Corporation"/>
    <property name="java.vm.version" value="17.0.8+9-LTS-211"/>
    <property name="sun.io.unicode.encoding" value="UnicodeLittle"/>
    <property name="maven.repo.local" value="D:\javaweb\maven\mvn-repo"/>
    <property name="java.class.version" value="61.0"/>
  </properties>
  <testcase name="contextLoads" classname="com.example.springboot.SpringbootApplicationTests" time="0.545"/>
</testsuite>